Replace Part C1 CAP_14pF_50V_0603 in C:\Users\wwind\altium_projects\GreenHouseController\PCB\PCB_Project\MCU.SchDoc with CAP_14pF_50V_0603 from UWRT_Schematic_Library_2020.SchLib
Replace Part C2 CAP_14pF_50V_0603 in C:\Users\wwind\altium_projects\GreenHouseController\PCB\PCB_Project\MCU.SchDoc with CAP_14pF_50V_0603 from UWRT_Schematic_Library_2020.SchLib
Replace Part C3 CAP_1uF_16V_0805 in C:\Users\wwind\altium_projects\GreenHouseController\PCB\PCB_Project\MCU.SchDoc with CAP_1uF_16V_0805 from UWRT_Schematic_Library_2020.SchLib
Replace Part C4 CAP_1uF_16V_0805 in C:\Users\wwind\altium_projects\GreenHouseController\PCB\PCB_Project\MCU.SchDoc with CAP_1uF_16V_0805 from UWRT_Schematic_Library_2020.SchLib
Replace Part C5 CAP_1uF_16V_0805 in C:\Users\wwind\altium_projects\GreenHouseController\PCB\PCB_Project\MCU.SchDoc with CAP_1uF_16V_0805 from UWRT_Schematic_Library_2020.SchLib
Replace Part C6 CAP_1uF_16V_0805 in C:\Users\wwind\altium_projects\GreenHouseController\PCB\PCB_Project\MCU.SchDoc with CAP_1uF_16V_0805 from UWRT_Schematic_Library_2020.SchLib
Replace Part C7 CAP_1uF_16V_0805 in C:\Users\wwind\altium_projects\GreenHouseController\PCB\PCB_Project\MCU.SchDoc with CAP_1uF_16V_0805 from UWRT_Schematic_Library_2020.SchLib
Replace Part C8 CAP_4.7uF_50V_1206 in C:\Users\wwind\altium_projects\GreenHouseController\PCB\PCB_Project\MCU.SchDoc with CAP_4.7uF_50V_1206 from UWRT_Schematic_Library_2020.SchLib
Replace Part C9 CAP_0.1uF_16V_0603 in C:\Users\wwind\altium_projects\GreenHouseController\PCB\PCB_Project\MCU.SchDoc with CAP_0.1uF_16V_0603 from UWRT_Schematic_Library_2020.SchLib
Replace Part C10 CAP_1uF_16V_0603 in C:\Users\wwind\altium_projects\GreenHouseController\PCB\PCB_Project\MCU.SchDoc with CAP_1uF_16V_0603 from UWRT_Schematic_Library_2020.SchLib
Replace Part C11 CAP_0.1uF_16V_0603 in C:\Users\wwind\altium_projects\GreenHouseController\PCB\PCB_Project\MCU.SchDoc with CAP_0.1uF_16V_0603 from UWRT_Schematic_Library_2020.SchLib
Replace Part C12 CAP_0.1uF_16V_0603 in C:\Users\wwind\altium_projects\GreenHouseController\PCB\PCB_Project\MCU.SchDoc with CAP_0.1uF_16V_0603 from UWRT_Schematic_Library_2020.SchLib
Replace Part C13 CAP_0.1uF_16V_0603 in C:\Users\wwind\altium_projects\GreenHouseController\PCB\PCB_Project\MCU.SchDoc with CAP_0.1uF_16V_0603 from UWRT_Schematic_Library_2020.SchLib
Replace Part C14 CAP_0.1uF_16V_0603 in C:\Users\wwind\altium_projects\GreenHouseController\PCB\PCB_Project\MCU.SchDoc with CAP_0.1uF_16V_0603 from UWRT_Schematic_Library_2020.SchLib
Replace Part C15 CAP_4.7uF_16V_0603 in C:\Users\wwind\altium_projects\GreenHouseController\PCB\PCB_Project\MCU.SchDoc with CAP_4.7uF_16V_0603 from UWRT_Schematic_Library_2020.SchLib
Replace Part C16 CAP_10nF_16V_0805 in C:\Users\wwind\altium_projects\GreenHouseController\PCB\PCB_Project\MCU.SchDoc with CAP_10nF_16V_0805 from UWRT_Schematic_Library_2020.SchLib
Replace Part C17 CAP_1uF_16V_0805 in C:\Users\wwind\altium_projects\GreenHouseController\PCB\PCB_Project\MCU.SchDoc with CAP_1uF_16V_0805 from UWRT_Schematic_Library_2020.SchLib
Replace Part D1 LED_GREEN in C:\Users\wwind\altium_projects\GreenHouseController\PCB\PCB_Project\MCU.SchDoc with LED_GREEN from UWRT_Schematic_Library_2020.SchLib
Replace Part D2 LED_GREEN in C:\Users\wwind\altium_projects\GreenHouseController\PCB\PCB_Project\MCU.SchDoc with LED_GREEN from UWRT_Schematic_Library_2020.SchLib
Replace Part D3 LED_GREEN in C:\Users\wwind\altium_projects\GreenHouseController\PCB\PCB_Project\MCU.SchDoc with LED_GREEN from UWRT_Schematic_Library_2020.SchLib
Replace Part D4 LED_GREEN in C:\Users\wwind\altium_projects\GreenHouseController\PCB\PCB_Project\MCU.SchDoc with LED_GREEN from UWRT_Schematic_Library_2020.SchLib
Replace Part P1 HEADER 4X2 in C:\Users\wwind\altium_projects\GreenHouseController\PCB\PCB_Project\MCU.SchDoc with HEADER 4X2 from UWRT_Schematic_Library_2020.SchLib
Replace Part TP1 TESTPOINT_LOOP in C:\Users\wwind\altium_projects\GreenHouseController\PCB\PCB_Project\MCU.SchDoc with TESTPOINT_LOOP from UWRT_Schematic_Library_2020.SchLib
Replace Part TP2 TESTPOINT_LOOP in C:\Users\wwind\altium_projects\GreenHouseController\PCB\PCB_Project\MCU.SchDoc with TESTPOINT_LOOP from UWRT_Schematic_Library_2020.SchLib
Replace Part UART_RX1 TESTPOINT_LOOP in C:\Users\wwind\altium_projects\GreenHouseController\PCB\PCB_Project\MCU.SchDoc with TESTPOINT_LOOP from UWRT_Schematic_Library_2020.SchLib
Replace Part UART_TX1 TESTPOINT_LOOP in C:\Users\wwind\altium_projects\GreenHouseController\PCB\PCB_Project\MCU.SchDoc with TESTPOINT_LOOP from UWRT_Schematic_Library_2020.SchLib
Replace Part Y1 CRYSTAL_25MHZ in C:\Users\wwind\altium_projects\GreenHouseController\PCB\PCB_Project\MCU.SchDoc with CRYSTAL_25MHZ from UWRT_Schematic_Library_2020.SchLib
